0 info it worked if it ends with ok
1 verbose cli [
1 verbose cli   'C:\\Program Files\\nodejs\\node.exe',
1 verbose cli   'C:\\Users\\rapha\\AppData\\Roaming\\npm\\node_modules\\npm\\bin\\npm-cli.js',
1 verbose cli   'i',
1 verbose cli   'nodemon',
1 verbose cli   '-g'
1 verbose cli ]
2 info using npm@3.10.10
3 info using node@v17.3.0
4 silly loadCurrentTree Starting
5 silly install loadCurrentTree
6 silly install readGlobalPackageData
7 silly fetchPackageMetaData nodemon
8 silly fetchNamedPackageData nodemon
9 silly mapToRegistry name nodemon
10 silly mapToRegistry using default registry
11 silly mapToRegistry registry https://registry.npmjs.org/
12 silly mapToRegistry data Result {
12 silly mapToRegistry   raw: 'nodemon',
12 silly mapToRegistry   scope: null,
12 silly mapToRegistry   escapedName: 'nodemon',
12 silly mapToRegistry   name: 'nodemon',
12 silly mapToRegistry   rawSpec: '',
12 silly mapToRegistry   spec: 'latest',
12 silly mapToRegistry   type: 'tag'
12 silly mapToRegistry }
13 silly mapToRegistry uri https://registry.npmjs.org/nodemon
14 verbose request uri https://registry.npmjs.org/nodemon
15 verbose request no auth needed
16 info attempt registry request try #1 at 12:06:31
17 verbose request id c1d4729161373a76
18 verbose etag W/"f8db61e8c45503dc30f9c33a43c27d5c"
19 verbose lastModified Thu, 23 Jun 2022 15:29:07 GMT
20 http request GET https://registry.npmjs.org/nodemon
21 http 304 https://registry.npmjs.org/nodemon
22 verbose headers {
22 verbose headers   date: 'Tue, 05 Jul 2022 15:06:32 GMT',
22 verbose headers   connection: 'keep-alive',
22 verbose headers   'cf-ray': '7261014e1b37277a-GIG',
22 verbose headers   age: '103',
22 verbose headers   'cache-control': 'public, max-age=300',
22 verbose headers   etag: '"f8db61e8c45503dc30f9c33a43c27d5c"',
22 verbose headers   'last-modified': 'Thu, 23 Jun 2022 15:29:07 GMT',
22 verbose headers   vary: 'Accept-Encoding',
22 verbose headers   'cf-cache-status': 'HIT',
22 verbose headers   'expect-ct': 'max-age=604800, report-uri="https://report-uri.cloudflare.com/cdn-cgi/beacon/expect-ct"',
22 verbose headers   'x-amz-replication-status': 'COMPLETED',
22 verbose headers   server: 'cloudflare'
22 verbose headers }
23 silly get cb [
23 silly get   304,
23 silly get   {
23 silly get     date: 'Tue, 05 Jul 2022 15:06:32 GMT',
23 silly get     connection: 'keep-alive',
23 silly get     'cf-ray': '7261014e1b37277a-GIG',
23 silly get     age: '103',
23 silly get     'cache-control': 'public, max-age=300',
23 silly get     etag: '"f8db61e8c45503dc30f9c33a43c27d5c"',
23 silly get     'last-modified': 'Thu, 23 Jun 2022 15:29:07 GMT',
23 silly get     vary: 'Accept-Encoding',
23 silly get     'cf-cache-status': 'HIT',
23 silly get     'expect-ct': 'max-age=604800, report-uri="https://report-uri.cloudflare.com/cdn-cgi/beacon/expect-ct"',
23 silly get     'x-amz-replication-status': 'COMPLETED',
23 silly get     server: 'cloudflare'
23 silly get   }
23 silly get ]
24 verbose etag https://registry.npmjs.org/nodemon from cache
25 verbose get saving nodemon to C:\Users\rapha\AppData\Roaming\npm-cache\registry.npmjs.org\nodemon\.cache.json
26 verbose correctMkdir C:\Users\rapha\AppData\Roaming\npm-cache correctMkdir not in flight; initializing
27 verbose stack TypeError: cb.apply is not a function
27 verbose stack     at C:\Users\rapha\AppData\Roaming\npm\node_modules\npm\node_modules\graceful-fs\polyfills.js:267:18
27 verbose stack     at FSReqCallback.oncomplete (node:fs:199:5)
28 verbose cwd D:\Projetos\sysmap\Raphael-Carvalho-Backend
29 error Windows_NT 10.0.22000
30 error argv "C:\\Program Files\\nodejs\\node.exe" "C:\\Users\\rapha\\AppData\\Roaming\\npm\\node_modules\\npm\\bin\\npm-cli.js" "i" "nodemon" "-g"
31 error node v17.3.0
32 error npm  v3.10.10
33 error cb.apply is not a function
34 error If you need help, you may report this error at:
34 error     <https://github.com/npm/npm/issues>
35 verbose exit [ 1, true ]
